riceframe/build/intermediates/manifest_merge_blame_file/debug/manifest-merger-blame-debug-report.txt
1<?xml version="1.0" encoding="utf-8"?>
2<manifest xmlns:android="http://schemas.android.com/apk/res/android"
3    package="com.rice.riceframe"
4    android:versionCode="1"
5    android:versionName="1.0" >
6
7    <uses-sdk
8        android:minSdkVersion="19"
8-->src\main\AndroidManifest.xml
9        android:targetSdkVersion="29" />
9-->src\main\AndroidManifest.xml
10
11    <!-- 网络状态监听需要的权限 -->
12    <uses-permission android:name="android.permission.INTERNET" />
12-->src\main\AndroidManifest.xml:5:5-67
12-->src\main\AndroidManifest.xml:5:22-64
13    <uses-permission android:name="android.permission.ACCESS_WIFI_STATE" />
13-->src\main\AndroidManifest.xml:6:5-76
13-->src\main\AndroidManifest.xml:6:22-73
14    <uses-permission android:name="android.permission.READ_PHONE_STATE" />
14-->src\main\AndroidManifest.xml:7:5-75
14-->src\main\AndroidManifest.xml:7:22-72
15    <uses-permission android:name="android.permission.ACCESS_NETWORK_STATE" />
15-->src\main\AndroidManifest.xml:8:5-79
15-->src\main\AndroidManifest.xml:8:22-76
16    <uses-permission android:name="android.permission.READ_EXTERNAL_STORAGE" />
16-->src\main\AndroidManifest.xml:9:5-80
16-->src\main\AndroidManifest.xml:9:22-77
17    <uses-permission android:name="android.permission.WRITE_EXTERNAL_STORAGE" />
17-->src\main\AndroidManifest.xml:10:5-81
17-->src\main\AndroidManifest.xml:10:22-78
18    <!-- 用于申请访问摄像头进行室内定位 -->
19    <uses-permission android:name="android.permission.CAMERA" />
19-->src\main\AndroidManifest.xml:12:5-65
19-->src\main\AndroidManifest.xml:12:22-62
20    <uses-permission android:name="android.permission.VIBRATE" />
20-->src\main\AndroidManifest.xml:13:5-66
20-->src\main\AndroidManifest.xml:13:22-63
21
22    <application>
22-->src\main\AndroidManifest.xml:15:5-39:19
23        <activity
23-->src\main\AndroidManifest.xml:16:9-19:52
24            android:name="com.rice.activity.BaseSettingActivity"
24-->src\main\AndroidManifest.xml:17:13-65
25            android:launchMode="singleTask"
25-->src\main\AndroidManifest.xml:18:13-44
26            android:screenOrientation="portrait" />
26-->src\main\AndroidManifest.xml:19:13-49
27        <activity
27-->src\main\AndroidManifest.xml:20:9-23:52
28            android:name="com.rice.activity.WebViewActivity"
28-->src\main\AndroidManifest.xml:21:13-61
29            android:launchMode="singleTask"
29-->src\main\AndroidManifest.xml:22:13-44
30            android:screenOrientation="portrait" />
30-->src\main\AndroidManifest.xml:23:13-49
31        <activity
31-->src\main\AndroidManifest.xml:24:9-27:52
32            android:name="com.dubhe.imageselector.ClipImageActivity"
32-->src\main\AndroidManifest.xml:25:13-69
33            android:launchMode="singleTask"
33-->src\main\AndroidManifest.xml:26:13-44
34            android:screenOrientation="portrait" />
34-->src\main\AndroidManifest.xml:27:13-49
35        <activity
35-->src\main\AndroidManifest.xml:28:9-31:52
36            android:name="com.rice.activity.ScanQRActivity"
36-->src\main\AndroidManifest.xml:29:13-60
37            android:launchMode="singleTask"
37-->src\main\AndroidManifest.xml:30:13-44
38            android:screenOrientation="portrait" />
38-->src\main\AndroidManifest.xml:31:13-49
39        <activity
39-->src\main\AndroidManifest.xml:32:9-35:52
40            android:name="com.rice.activity.BannerDetailActivity"
40-->src\main\AndroidManifest.xml:33:13-66
41            android:launchMode="singleTask"
41-->src\main\AndroidManifest.xml:34:13-44
42            android:screenOrientation="portrait" />
42-->src\main\AndroidManifest.xml:35:13-49
43        <activity
43-->src\main\AndroidManifest.xml:36:9-38:52
44            android:name="com.rice.activity.WebViewInAppActivity"
44-->src\main\AndroidManifest.xml:37:13-66
45            android:screenOrientation="portrait" />
45-->src\main\AndroidManifest.xml:38:13-49
46    </application>
47
48</manifest>